<?xml version="1.0" encoding="UTF-8"?>
<!-- Generated by org.testng.reporters.JUnitReportReporter -->
<testsuite skipped="0" hostname="KOUSHIK" name="flash.NavigationalTest" tests="1" failures="0" timestamp="12 Jul 2018 09:02:50 GMT" time="19.258" errors="0">
  <testcase name="f" time="19.258" classname="flash.NavigationalTest"/>
</testsuite> <!-- flash.NavigationalTest -->
